This is pdfTeX, Version 3.141592653-2.6-1.40.24 (MiKTeX 21.12.10) (preloaded format=pdflatex 2022.1.1)  21 NOV 2023 21:25
entering extended mode
 restricted \write18 enabled.
 %&-line parsing enabled.
**./td2.tex
(td2.tex
LaTeX2e <2021-11-15> patch level 1
L3 programming layer <2021-11-22>
(C:\Users\zeekzone\AppData\Local\Programs\MiKTeX\tex/latex/base\article.cls
Document Class: article 2021/10/04 v1.4n Standard LaTeX document class
(C:\Users\zeekzone\AppData\Local\Programs\MiKTeX\tex/latex/base\size10.clo
File: size10.clo 2021/10/04 v1.4n Standard LaTeX file (size option)
)
\c@part=\count183
\c@section=\count184
\c@subsection=\count185
\c@subsubsection=\count186
\c@paragraph=\count187
\c@subparagraph=\count188
\c@figure=\count189
\c@table=\count190
\abovecaptionskip=\skip47
\belowcaptionskip=\skip48
\bibindent=\dimen138
)
(C:\Users\zeekzone\AppData\Local\Programs\MiKTeX\tex/latex/geometry\geometry.st
y
Package: geometry 2020/01/02 v5.9 Page Geometry

(C:\Users\zeekzone\AppData\Local\Programs\MiKTeX\tex/latex/graphics\keyval.sty
Package: keyval 2014/10/28 v1.15 key=value parser (DPC)
\KV@toks@=\toks16
) (C:\Users\zeekzone\AppData\Local\Programs\MiKTeX\tex/generic/iftex\ifvtex.sty
Package: ifvtex 2019/10/25 v1.7 ifvtex legacy package. Use iftex instead.

(C:\Users\zeekzone\AppData\Local\Programs\MiKTeX\tex/generic/iftex\iftex.sty
Package: iftex 2020/03/06 v1.0d TeX engine tests
))
\Gm@cnth=\count191
\Gm@cntv=\count192
\c@Gm@tempcnt=\count193
\Gm@bindingoffset=\dimen139
\Gm@wd@mp=\dimen140
\Gm@odd@mp=\dimen141
\Gm@even@mp=\dimen142
\Gm@layoutwidth=\dimen143
\Gm@layoutheight=\dimen144
\Gm@layouthoffset=\dimen145
\Gm@layoutvoffset=\dimen146
\Gm@dimlist=\toks17

(C:\Users\zeekzone\AppData\Local\Programs\MiKTeX\tex/latex/geometry\geometry.cf
g)

Package geometry Warning: Over-specification in `v'-direction.
    `height' (538.0pt) is ignored.

)
(C:\Users\zeekzone\AppData\Local\Programs\MiKTeX\tex/latex/fancyhdr\fancyhdr.st
y
Package: fancyhdr 2021/01/28 v4.0.1 Extensive control of page headers and foote
rs
\f@nch@headwidth=\skip49
\f@nch@O@elh=\skip50
\f@nch@O@erh=\skip51
\f@nch@O@olh=\skip52
\f@nch@O@orh=\skip53
\f@nch@O@elf=\skip54
\f@nch@O@erf=\skip55
\f@nch@O@olf=\skip56
\f@nch@O@orf=\skip57
)
(C:\Users\zeekzone\AppData\Local\Programs\MiKTeX\tex/latex/fancybox\fancybox.st
y
Package: fancybox 2010/05/15 1.4

Style option: `fancybox' v1.4 <2010/05/15> (tvz)
\@fancybox=\box50
\shadowsize=\dimen147
\@Sbox=\box51
\do@VerbBox=\toks18
\the@fancyput=\toks19
\this@fancyput=\toks20
\EndVerbatimTokens=\toks21
\Verbatim@Outfile=\write3
\Verbatim@Infile=\read2
)
(C:\Users\zeekzone\AppData\Local\Programs\MiKTeX\tex/latex/pdfpages\pdfpages.st
y
Package: pdfpages 2022/12/19 v0.5x Insert pages of external PDF documents (AM)
 (C:\Users\zeekzone\AppData\Local\Programs\MiKTeX\tex/latex/base\ifthen.sty
Package: ifthen 2020/11/24 v1.1c Standard LaTeX ifthen package (DPC)
)
(C:\Users\zeekzone\AppData\Local\Programs\MiKTeX\tex/latex/tools\calc.sty
Package: calc 2017/05/25 v4.3 Infix arithmetic (KKT,FJ)
\calc@Acount=\count194
\calc@Bcount=\count195
\calc@Adimen=\dimen148
\calc@Bdimen=\dimen149
\calc@Askip=\skip58
\calc@Bskip=\skip59
LaTeX Info: Redefining \setlength on input line 80.
LaTeX Info: Redefining \addtolength on input line 81.
\calc@Ccount=\count196
\calc@Cskip=\skip60
)
(C:\Users\zeekzone\AppData\Local\Programs\MiKTeX\tex/latex/eso-pic\eso-pic.sty
Package: eso-pic 2023/05/03 v3.0c eso-pic (RN)
\ESO@tempdima=\dimen150
\ESO@tempdimb=\dimen151

(C:\Users\zeekzone\AppData\Local\Programs\MiKTeX\tex/latex/xcolor\xcolor.sty
Package: xcolor 2021/10/31 v2.13 LaTeX color extensions (UK)

(C:\Users\zeekzone\AppData\Local\Programs\MiKTeX\tex/latex/graphics-cfg\color.c
fg
File: color.cfg 2016/01/02 v1.6 sample color configuration
)
Package xcolor Info: Driver file: pdftex.def on input line 227.

(C:\Users\zeekzone\AppData\Local\Programs\MiKTeX\tex/latex/graphics-def\pdftex.
def
File: pdftex.def 2020/10/05 v1.2a Graphics/color driver for pdftex
)
Package xcolor Info: Model `cmy' substituted by `cmy0' on input line 1352.
Package xcolor Info: Model `hsb' substituted by `rgb' on input line 1356.
Package xcolor Info: Model `RGB' extended on input line 1368.
Package xcolor Info: Model `HTML' substituted by `rgb' on input line 1370.
Package xcolor Info: Model `Hsb' substituted by `hsb' on input line 1371.
Package xcolor Info: Model `tHsb' substituted by `hsb' on input line 1372.
Package xcolor Info: Model `HSB' substituted by `hsb' on input line 1373.
Package xcolor Info: Model `Gray' substituted by `gray' on input line 1374.
Package xcolor Info: Model `wave' substituted by `hsb' on input line 1375.
))
(C:\Users\zeekzone\AppData\Local\Programs\MiKTeX\tex/latex/graphics\graphicx.st
y
Package: graphicx 2021/09/16 v1.2d Enhanced LaTeX Graphics (DPC,SPQR)

(C:\Users\zeekzone\AppData\Local\Programs\MiKTeX\tex/latex/graphics\graphics.st
y
Package: graphics 2021/03/04 v1.4d Standard LaTeX Graphics (DPC,SPQR)
 (C:\Users\zeekzone\AppData\Local\Programs\MiKTeX\tex/latex/graphics\trig.sty
Package: trig 2021/08/11 v1.11 sin cos tan (DPC)
)
(C:\Users\zeekzone\AppData\Local\Programs\MiKTeX\tex/latex/graphics-cfg\graphic
s.cfg
File: graphics.cfg 2016/06/04 v1.11 sample graphics configuration
)
Package graphics Info: Driver file: pdftex.def on input line 107.
)
\Gin@req@height=\dimen152
\Gin@req@width=\dimen153
)
\AM@pagewidth=\dimen154
\AM@pageheight=\dimen155
\AM@fboxrule=\dimen156

(C:\Users\zeekzone\AppData\Local\Programs\MiKTeX\tex/latex/pdfpages\pppdftex.de
f
File: pppdftex.def 2022/12/19 v0.5x Pdfpages driver for pdfTeX (AM)
)
\pdfpages@includegraphics@status=\count197
\AM@pagebox=\box52
\AM@global@opts=\toks22
\AM@pagecnt=\count198
\AM@toc@title=\toks23
\AM@lof@heading=\toks24
\c@AM@survey=\count199
\AM@templatesizebox=\box53
)
(C:\Users\zeekzone\AppData\Local\Programs\MiKTeX\tex/latex/hyperref\hyperref.st
y
Package: hyperref 2021-06-07 v7.00m Hypertext links for LaTeX

(C:\Users\zeekzone\AppData\Local\Programs\MiKTeX\tex/generic/ltxcmds\ltxcmds.st
y
Package: ltxcmds 2020-05-10 v1.25 LaTeX kernel commands for general use (HO)
)
(C:\Users\zeekzone\AppData\Local\Programs\MiKTeX\tex/generic/pdftexcmds\pdftexc
mds.sty
Package: pdftexcmds 2020-06-27 v0.33 Utility functions of pdfTeX for LuaTeX (HO
)

(C:\Users\zeekzone\AppData\Local\Programs\MiKTeX\tex/generic/infwarerr\infwarer
r.sty
Package: infwarerr 2019/12/03 v1.5 Providing info/warning/error messages (HO)
)
Package pdftexcmds Info: \pdf@primitive is available.
Package pdftexcmds Info: \pdf@ifprimitive is available.
Package pdftexcmds Info: \pdfdraftmode found.
)
(C:\Users\zeekzone\AppData\Local\Programs\MiKTeX\tex/generic/kvsetkeys\kvsetkey
s.sty
Package: kvsetkeys 2019/12/15 v1.18 Key value parser (HO)
)
(C:\Users\zeekzone\AppData\Local\Programs\MiKTeX\tex/generic/kvdefinekeys\kvdef
inekeys.sty
Package: kvdefinekeys 2019-12-19 v1.6 Define keys (HO)
)
(C:\Users\zeekzone\AppData\Local\Programs\MiKTeX\tex/generic/pdfescape\pdfescap
e.sty
Package: pdfescape 2019/12/09 v1.15 Implements pdfTeX's escape features (HO)
)
(C:\Users\zeekzone\AppData\Local\Programs\MiKTeX\tex/latex/hycolor\hycolor.sty
Package: hycolor 2020-01-27 v1.10 Color options for hyperref/bookmark (HO)
)
(C:\Users\zeekzone\AppData\Local\Programs\MiKTeX\tex/latex/letltxmacro\letltxma
cro.sty
Package: letltxmacro 2019/12/03 v1.6 Let assignment for LaTeX macros (HO)
)
(C:\Users\zeekzone\AppData\Local\Programs\MiKTeX\tex/latex/auxhook\auxhook.sty
Package: auxhook 2019-12-17 v1.6 Hooks for auxiliary files (HO)
)
(C:\Users\zeekzone\AppData\Local\Programs\MiKTeX\tex/latex/kvoptions\kvoptions.
sty
Package: kvoptions 2020-10-07 v3.14 Key value format for package options (HO)
)
\@linkdim=\dimen157
\Hy@linkcounter=\count266
\Hy@pagecounter=\count267

(C:\Users\zeekzone\AppData\Local\Programs\MiKTeX\tex/latex/hyperref\pd1enc.def
File: pd1enc.def 2021-06-07 v7.00m Hyperref: PDFDocEncoding definition (HO)
Now handling font encoding PD1 ...
... no UTF-8 mapping file for font encoding PD1
)
(C:\Users\zeekzone\AppData\Local\Programs\MiKTeX\tex/latex/hyperref\hyperref-la
ngpatches.def
File: hyperref-langpatches.def 2021-06-07 v7.00m Hyperref: patches for babel la
nguages
)
(C:\Users\zeekzone\AppData\Local\Programs\MiKTeX\tex/generic/intcalc\intcalc.st
y
Package: intcalc 2019/12/15 v1.3 Expandable calculations with integers (HO)
)
(C:\Users\zeekzone\AppData\Local\Programs\MiKTeX\tex/generic/etexcmds\etexcmds.
sty
Package: etexcmds 2019/12/15 v1.7 Avoid name clashes with e-TeX commands (HO)
)
\Hy@SavedSpaceFactor=\count268

(C:\Users\zeekzone\AppData\Local\Programs\MiKTeX\tex/latex/hyperref\puenc.def
File: puenc.def 2021-06-07 v7.00m Hyperref: PDF Unicode definition (HO)
Now handling font encoding PU ...
... no UTF-8 mapping file for font encoding PU
)
Package hyperref Info: Hyper figures OFF on input line 4192.
Package hyperref Info: Link nesting OFF on input line 4197.
Package hyperref Info: Hyper index ON on input line 4200.
Package hyperref Info: Plain pages OFF on input line 4207.
Package hyperref Info: Backreferencing OFF on input line 4212.
Package hyperref Info: Implicit mode ON; LaTeX internals redefined.
Package hyperref Info: Bookmarks ON on input line 4445.
\c@Hy@tempcnt=\count269

(C:\Users\zeekzone\AppData\Local\Programs\MiKTeX\tex/latex/url\url.sty
\Urlmuskip=\muskip16
Package: url 2013/09/16  ver 3.4  Verb mode for urls, etc.
)
LaTeX Info: Redefining \url on input line 4804.
\XeTeXLinkMargin=\dimen158

(C:\Users\zeekzone\AppData\Local\Programs\MiKTeX\tex/generic/bitset\bitset.sty
Package: bitset 2019/12/09 v1.3 Handle bit-vector datatype (HO)

(C:\Users\zeekzone\AppData\Local\Programs\MiKTeX\tex/generic/bigintcalc\bigintc
alc.sty
Package: bigintcalc 2019/12/15 v1.5 Expandable calculations on big integers (HO
)
))
\Fld@menulength=\count270
\Field@Width=\dimen159
\Fld@charsize=\dimen160
Package hyperref Info: Hyper figures OFF on input line 6076.
Package hyperref Info: Link nesting OFF on input line 6081.
Package hyperref Info: Hyper index ON on input line 6084.
Package hyperref Info: backreferencing OFF on input line 6091.
Package hyperref Info: Link coloring OFF on input line 6096.
Package hyperref Info: Link coloring with OCG OFF on input line 6101.
Package hyperref Info: PDF/A mode OFF on input line 6106.
LaTeX Info: Redefining \ref on input line 6146.
LaTeX Info: Redefining \pageref on input line 6150.

(C:\Users\zeekzone\AppData\Local\Programs\MiKTeX\tex/latex/base\atbegshi-ltx.st
y
Package: atbegshi-ltx 2021/01/10 v1.0c Emulation of the original atbegshi
package with kernel methods
)
\Hy@abspage=\count271
\c@Item=\count272
\c@Hfootnote=\count273
)
Package hyperref Info: Driver (autodetected): hpdftex.

(C:\Users\zeekzone\AppData\Local\Programs\MiKTeX\tex/latex/hyperref\hpdftex.def
File: hpdftex.def 2021-06-07 v7.00m Hyperref driver for pdfTeX

(C:\Users\zeekzone\AppData\Local\Programs\MiKTeX\tex/latex/base\atveryend-ltx.s
ty
Package: atveryend-ltx 2020/08/19 v1.0a Emulation of the original atveryend pac
kage
with kernel methods
)
\Fld@listcount=\count274
\c@bookmark@seq@number=\count275

(C:\Users\zeekzone\AppData\Local\Programs\MiKTeX\tex/latex/rerunfilecheck\rerun
filecheck.sty
Package: rerunfilecheck 2019/12/05 v1.9 Rerun checks for auxiliary files (HO)

(C:\Users\zeekzone\AppData\Local\Programs\MiKTeX\tex/generic/uniquecounter\uniq
uecounter.sty
Package: uniquecounter 2019/12/15 v1.4 Provide unlimited unique counter (HO)
)
Package uniquecounter Info: New unique counter `rerunfilecheck' on input line 2
86.
)
\Hy@SectionHShift=\skip61
)
(C:\Users\zeekzone\AppData\Local\Programs\MiKTeX\tex/latex/mdframed\mdframed.st
y
Package: mdframed 2013/07/01 1.9b: mdframed

(C:\Users\zeekzone\AppData\Local\Programs\MiKTeX\tex/latex/l3packages/xparse\xp
arse.sty
(C:\Users\zeekzone\AppData\Local\Programs\MiKTeX\tex/latex/l3kernel\expl3.sty
Package: expl3 2021-11-22 L3 programming layer (loader) 

(C:\Users\zeekzone\AppData\Local\Programs\MiKTeX\tex/latex/l3backend\l3backend-
pdftex.def
File: l3backend-pdftex.def 2021-12-14 L3 backend support: PDF output (pdfTeX)
\l__color_backend_stack_int=\count276
\l__pdf_internal_box=\box54
))
Package: xparse 2021-11-12 L3 Experimental document command parser
)
(C:\Users\zeekzone\AppData\Local\Programs\MiKTeX\tex/latex/etoolbox\etoolbox.st
y
Package: etoolbox 2020/10/05 v2.5k e-TeX tools for LaTeX (JAW)
\etb@tempcnta=\count277
)
(C:\Users\zeekzone\AppData\Local\Programs\MiKTeX\tex/latex/zref\zref-abspage.st
y
Package: zref-abspage 2023-09-14 v2.35 Module abspage for zref (HO)
 (C:\Users\zeekzone\AppData\Local\Programs\MiKTeX\tex/latex/zref\zref-base.sty
Package: zref-base 2023-09-14 v2.35 Module base for zref (HO)
Package zref Info: New property list: main on input line 767.
Package zref Info: New property: default on input line 768.
Package zref Info: New property: page on input line 769.
)
\c@abspage=\count278
Package zref Info: New property: abspage on input line 67.
)
(C:\Users\zeekzone\AppData\Local\Programs\MiKTeX\tex/latex/needspace\needspace.
sty
Package: needspace 2010/09/12 v1.3d reserve vertical space
)
\mdf@templength=\skip62
\c@mdf@globalstyle@cnt=\count279
\mdf@skipabove@length=\skip63
\mdf@skipbelow@length=\skip64
\mdf@leftmargin@length=\skip65
\mdf@rightmargin@length=\skip66
\mdf@innerleftmargin@length=\skip67
\mdf@innerrightmargin@length=\skip68
\mdf@innertopmargin@length=\skip69
\mdf@innerbottommargin@length=\skip70
\mdf@splittopskip@length=\skip71
\mdf@splitbottomskip@length=\skip72
\mdf@outermargin@length=\skip73
\mdf@innermargin@length=\skip74
\mdf@linewidth@length=\skip75
\mdf@innerlinewidth@length=\skip76
\mdf@middlelinewidth@length=\skip77
\mdf@outerlinewidth@length=\skip78
\mdf@roundcorner@length=\skip79
\mdf@footenotedistance@length=\skip80
\mdf@userdefinedwidth@length=\skip81
\mdf@needspace@length=\skip82
\mdf@frametitleaboveskip@length=\skip83
\mdf@frametitlebelowskip@length=\skip84
\mdf@frametitlerulewidth@length=\skip85
\mdf@frametitleleftmargin@length=\skip86
\mdf@frametitlerightmargin@length=\skip87
\mdf@shadowsize@length=\skip88
\mdf@extratopheight@length=\skip89
\mdf@subtitleabovelinewidth@length=\skip90
\mdf@subtitlebelowlinewidth@length=\skip91
\mdf@subtitleaboveskip@length=\skip92
\mdf@subtitlebelowskip@length=\skip93
\mdf@subtitleinneraboveskip@length=\skip94
\mdf@subtitleinnerbelowskip@length=\skip95
\mdf@subsubtitleabovelinewidth@length=\skip96
\mdf@subsubtitlebelowlinewidth@length=\skip97
\mdf@subsubtitleaboveskip@length=\skip98
\mdf@subsubtitlebelowskip@length=\skip99
\mdf@subsubtitleinneraboveskip@length=\skip100
\mdf@subsubtitleinnerbelowskip@length=\skip101

(C:\Users\zeekzone\AppData\Local\Programs\MiKTeX\tex/latex/pgf/frontendlayer\ti
kz.sty
(C:\Users\zeekzone\AppData\Local\Programs\MiKTeX\tex/latex/pgf/basiclayer\pgf.s
ty
(C:\Users\zeekzone\AppData\Local\Programs\MiKTeX\tex/latex/pgf/utilities\pgfrcs
.sty
(C:\Users\zeekzone\AppData\Local\Programs\MiKTeX\tex/generic/pgf/utilities\pgfu
til-common.tex
\pgfutil@everybye=\toks25
\pgfutil@tempdima=\dimen161
\pgfutil@tempdimb=\dimen162

(C:\Users\zeekzone\AppData\Local\Programs\MiKTeX\tex/generic/pgf/utilities\pgfu
til-common-lists.tex))
(C:\Users\zeekzone\AppData\Local\Programs\MiKTeX\tex/generic/pgf/utilities\pgfu
til-latex.def
\pgfutil@abb=\box55
)
(C:\Users\zeekzone\AppData\Local\Programs\MiKTeX\tex/generic/pgf/utilities\pgfr
cs.code.tex
(C:\Users\zeekzone\AppData\Local\Programs\MiKTeX\tex/generic/pgf\pgf.revision.t
ex)
Package: pgfrcs 2021/05/15 v3.1.9a (3.1.9a)
))
Package: pgf 2021/05/15 v3.1.9a (3.1.9a)

(C:\Users\zeekzone\AppData\Local\Programs\MiKTeX\tex/latex/pgf/basiclayer\pgfco
re.sty
(C:\Users\zeekzone\AppData\Local\Programs\MiKTeX\tex/latex/pgf/systemlayer\pgfs
ys.sty
(C:\Users\zeekzone\AppData\Local\Programs\MiKTeX\tex/generic/pgf/systemlayer\pg
fsys.code.tex
Package: pgfsys 2021/05/15 v3.1.9a (3.1.9a)

(C:\Users\zeekzone\AppData\Local\Programs\MiKTeX\tex/generic/pgf/utilities\pgfk
eys.code.tex
\pgfkeys@pathtoks=\toks26
\pgfkeys@temptoks=\toks27

(C:\Users\zeekzone\AppData\Local\Programs\MiKTeX\tex/generic/pgf/utilities\pgfk
eysfiltered.code.tex
\pgfkeys@tmptoks=\toks28
))
\pgf@x=\dimen163
\pgf@y=\dimen164
\pgf@xa=\dimen165
\pgf@ya=\dimen166
\pgf@xb=\dimen167
\pgf@yb=\dimen168
\pgf@xc=\dimen169
\pgf@yc=\dimen170
\pgf@xd=\dimen171
\pgf@yd=\dimen172
\w@pgf@writea=\write4
\r@pgf@reada=\read3
\c@pgf@counta=\count280
\c@pgf@countb=\count281
\c@pgf@countc=\count282
\c@pgf@countd=\count283
\t@pgf@toka=\toks29
\t@pgf@tokb=\toks30
\t@pgf@tokc=\toks31
\pgf@sys@id@count=\count284

(C:\Users\zeekzone\AppData\Local\Programs\MiKTeX\tex/generic/pgf/systemlayer\pg
f.cfg
File: pgf.cfg 2021/05/15 v3.1.9a (3.1.9a)
)
Driver file for pgf: pgfsys-pdftex.def

(C:\Users\zeekzone\AppData\Local\Programs\MiKTeX\tex/generic/pgf/systemlayer\pg
fsys-pdftex.def
File: pgfsys-pdftex.def 2021/05/15 v3.1.9a (3.1.9a)

(C:\Users\zeekzone\AppData\Local\Programs\MiKTeX\tex/generic/pgf/systemlayer\pg
fsys-common-pdf.def
File: pgfsys-common-pdf.def 2021/05/15 v3.1.9a (3.1.9a)
)))
(C:\Users\zeekzone\AppData\Local\Programs\MiKTeX\tex/generic/pgf/systemlayer\pg
fsyssoftpath.code.tex
File: pgfsyssoftpath.code.tex 2021/05/15 v3.1.9a (3.1.9a)
\pgfsyssoftpath@smallbuffer@items=\count285
\pgfsyssoftpath@bigbuffer@items=\count286
)
(C:\Users\zeekzone\AppData\Local\Programs\MiKTeX\tex/generic/pgf/systemlayer\pg
fsysprotocol.code.tex
File: pgfsysprotocol.code.tex 2021/05/15 v3.1.9a (3.1.9a)
))
(C:\Users\zeekzone\AppData\Local\Programs\MiKTeX\tex/generic/pgf/basiclayer\pgf
core.code.tex
Package: pgfcore 2021/05/15 v3.1.9a (3.1.9a)

(C:\Users\zeekzone\AppData\Local\Programs\MiKTeX\tex/generic/pgf/math\pgfmath.c
ode.tex
(C:\Users\zeekzone\AppData\Local\Programs\MiKTeX\tex/generic/pgf/math\pgfmathca
lc.code.tex
(C:\Users\zeekzone\AppData\Local\Programs\MiKTeX\tex/generic/pgf/math\pgfmathut
il.code.tex)
(C:\Users\zeekzone\AppData\Local\Programs\MiKTeX\tex/generic/pgf/math\pgfmathpa
rser.code.tex
\pgfmath@dimen=\dimen173
\pgfmath@count=\count287
\pgfmath@box=\box56
\pgfmath@toks=\toks32
\pgfmath@stack@operand=\toks33
\pgfmath@stack@operation=\toks34
)
(C:\Users\zeekzone\AppData\Local\Programs\MiKTeX\tex/generic/pgf/math\pgfmathfu
nctions.code.tex
(C:\Users\zeekzone\AppData\Local\Programs\MiKTeX\tex/generic/pgf/math\pgfmathfu
nctions.basic.code.tex)
(C:\Users\zeekzone\AppData\Local\Programs\MiKTeX\tex/generic/pgf/math\pgfmathfu
nctions.trigonometric.code.tex)
(C:\Users\zeekzone\AppData\Local\Programs\MiKTeX\tex/generic/pgf/math\pgfmathfu
nctions.random.code.tex)
(C:\Users\zeekzone\AppData\Local\Programs\MiKTeX\tex/generic/pgf/math\pgfmathfu
nctions.comparison.code.tex)
(C:\Users\zeekzone\AppData\Local\Programs\MiKTeX\tex/generic/pgf/math\pgfmathfu
nctions.base.code.tex)
(C:\Users\zeekzone\AppData\Local\Programs\MiKTeX\tex/generic/pgf/math\pgfmathfu
nctions.round.code.tex)
(C:\Users\zeekzone\AppData\Local\Programs\MiKTeX\tex/generic/pgf/math\pgfmathfu
nctions.misc.code.tex)
(C:\Users\zeekzone\AppData\Local\Programs\MiKTeX\tex/generic/pgf/math\pgfmathfu
nctions.integerarithmetics.code.tex)))
(C:\Users\zeekzone\AppData\Local\Programs\MiKTeX\tex/generic/pgf/math\pgfmathfl
oat.code.tex
\c@pgfmathroundto@lastzeros=\count288
))
(C:\Users\zeekzone\AppData\Local\Programs\MiKTeX\tex/generic/pgf/math\pgfint.co
de.tex)
(C:\Users\zeekzone\AppData\Local\Programs\MiKTeX\tex/generic/pgf/basiclayer\pgf
corepoints.code.tex
File: pgfcorepoints.code.tex 2021/05/15 v3.1.9a (3.1.9a)
\pgf@picminx=\dimen174
\pgf@picmaxx=\dimen175
\pgf@picminy=\dimen176
\pgf@picmaxy=\dimen177
\pgf@pathminx=\dimen178
\pgf@pathmaxx=\dimen179
\pgf@pathminy=\dimen180
\pgf@pathmaxy=\dimen181
\pgf@xx=\dimen182
\pgf@xy=\dimen183
\pgf@yx=\dimen184
\pgf@yy=\dimen185
\pgf@zx=\dimen186
\pgf@zy=\dimen187
)
(C:\Users\zeekzone\AppData\Local\Programs\MiKTeX\tex/generic/pgf/basiclayer\pgf
corepathconstruct.code.tex
File: pgfcorepathconstruct.code.tex 2021/05/15 v3.1.9a (3.1.9a)
\pgf@path@lastx=\dimen188
\pgf@path@lasty=\dimen189
)
(C:\Users\zeekzone\AppData\Local\Programs\MiKTeX\tex/generic/pgf/basiclayer\pgf
corepathusage.code.tex
File: pgfcorepathusage.code.tex 2021/05/15 v3.1.9a (3.1.9a)
\pgf@shorten@end@additional=\dimen190
\pgf@shorten@start@additional=\dimen191
)
(C:\Users\zeekzone\AppData\Local\Programs\MiKTeX\tex/generic/pgf/basiclayer\pgf
corescopes.code.tex
File: pgfcorescopes.code.tex 2021/05/15 v3.1.9a (3.1.9a)
\pgfpic=\box57
\pgf@hbox=\box58
\pgf@layerbox@main=\box59
\pgf@picture@serial@count=\count289
)
(C:\Users\zeekzone\AppData\Local\Programs\MiKTeX\tex/generic/pgf/basiclayer\pgf
coregraphicstate.code.tex
File: pgfcoregraphicstate.code.tex 2021/05/15 v3.1.9a (3.1.9a)
\pgflinewidth=\dimen192
)
(C:\Users\zeekzone\AppData\Local\Programs\MiKTeX\tex/generic/pgf/basiclayer\pgf
coretransformations.code.tex
File: pgfcoretransformations.code.tex 2021/05/15 v3.1.9a (3.1.9a)
\pgf@pt@x=\dimen193
\pgf@pt@y=\dimen194
\pgf@pt@temp=\dimen195
)
(C:\Users\zeekzone\AppData\Local\Programs\MiKTeX\tex/generic/pgf/basiclayer\pgf
corequick.code.tex
File: pgfcorequick.code.tex 2021/05/15 v3.1.9a (3.1.9a)
)
(C:\Users\zeekzone\AppData\Local\Programs\MiKTeX\tex/generic/pgf/basiclayer\pgf
coreobjects.code.tex
File: pgfcoreobjects.code.tex 2021/05/15 v3.1.9a (3.1.9a)
)
(C:\Users\zeekzone\AppData\Local\Programs\MiKTeX\tex/generic/pgf/basiclayer\pgf
corepathprocessing.code.tex
File: pgfcorepathprocessing.code.tex 2021/05/15 v3.1.9a (3.1.9a)
)
(C:\Users\zeekzone\AppData\Local\Programs\MiKTeX\tex/generic/pgf/basiclayer\pgf
corearrows.code.tex
File: pgfcorearrows.code.tex 2021/05/15 v3.1.9a (3.1.9a)
\pgfarrowsep=\dimen196
)
(C:\Users\zeekzone\AppData\Local\Programs\MiKTeX\tex/generic/pgf/basiclayer\pgf
coreshade.code.tex
File: pgfcoreshade.code.tex 2021/05/15 v3.1.9a (3.1.9a)
\pgf@max=\dimen197
\pgf@sys@shading@range@num=\count290
\pgf@shadingcount=\count291
)
(C:\Users\zeekzone\AppData\Local\Programs\MiKTeX\tex/generic/pgf/basiclayer\pgf
coreimage.code.tex
File: pgfcoreimage.code.tex 2021/05/15 v3.1.9a (3.1.9a)

(C:\Users\zeekzone\AppData\Local\Programs\MiKTeX\tex/generic/pgf/basiclayer\pgf
coreexternal.code.tex
File: pgfcoreexternal.code.tex 2021/05/15 v3.1.9a (3.1.9a)
\pgfexternal@startupbox=\box60
))
(C:\Users\zeekzone\AppData\Local\Programs\MiKTeX\tex/generic/pgf/basiclayer\pgf
corelayers.code.tex
File: pgfcorelayers.code.tex 2021/05/15 v3.1.9a (3.1.9a)
)
(C:\Users\zeekzone\AppData\Local\Programs\MiKTeX\tex/generic/pgf/basiclayer\pgf
coretransparency.code.tex
File: pgfcoretransparency.code.tex 2021/05/15 v3.1.9a (3.1.9a)
)
(C:\Users\zeekzone\AppData\Local\Programs\MiKTeX\tex/generic/pgf/basiclayer\pgf
corepatterns.code.tex
File: pgfcorepatterns.code.tex 2021/05/15 v3.1.9a (3.1.9a)
)
(C:\Users\zeekzone\AppData\Local\Programs\MiKTeX\tex/generic/pgf/basiclayer\pgf
corerdf.code.tex
File: pgfcorerdf.code.tex 2021/05/15 v3.1.9a (3.1.9a)
)))
(C:\Users\zeekzone\AppData\Local\Programs\MiKTeX\tex/generic/pgf/modules\pgfmod
uleshapes.code.tex
File: pgfmoduleshapes.code.tex 2021/05/15 v3.1.9a (3.1.9a)
\pgfnodeparttextbox=\box61
)
(C:\Users\zeekzone\AppData\Local\Programs\MiKTeX\tex/generic/pgf/modules\pgfmod
uleplot.code.tex
File: pgfmoduleplot.code.tex 2021/05/15 v3.1.9a (3.1.9a)
)
(C:\Users\zeekzone\AppData\Local\Programs\MiKTeX\tex/latex/pgf/compatibility\pg
fcomp-version-0-65.sty
Package: pgfcomp-version-0-65 2021/05/15 v3.1.9a (3.1.9a)
\pgf@nodesepstart=\dimen198
\pgf@nodesepend=\dimen199
)
(C:\Users\zeekzone\AppData\Local\Programs\MiKTeX\tex/latex/pgf/compatibility\pg
fcomp-version-1-18.sty
Package: pgfcomp-version-1-18 2021/05/15 v3.1.9a (3.1.9a)
))
(C:\Users\zeekzone\AppData\Local\Programs\MiKTeX\tex/latex/pgf/utilities\pgffor
.sty
(C:\Users\zeekzone\AppData\Local\Programs\MiKTeX\tex/latex/pgf/utilities\pgfkey
s.sty
(C:\Users\zeekzone\AppData\Local\Programs\MiKTeX\tex/generic/pgf/utilities\pgfk
eys.code.tex))
(C:\Users\zeekzone\AppData\Local\Programs\MiKTeX\tex/latex/pgf/math\pgfmath.sty

(C:\Users\zeekzone\AppData\Local\Programs\MiKTeX\tex/generic/pgf/math\pgfmath.c
ode.tex))
(C:\Users\zeekzone\AppData\Local\Programs\MiKTeX\tex/generic/pgf/utilities\pgff
or.code.tex
Package: pgffor 2021/05/15 v3.1.9a (3.1.9a)

(C:\Users\zeekzone\AppData\Local\Programs\MiKTeX\tex/generic/pgf/math\pgfmath.c
ode.tex)
\pgffor@iter=\dimen256
\pgffor@skip=\dimen257
\pgffor@stack=\toks35
\pgffor@toks=\toks36
))
(C:\Users\zeekzone\AppData\Local\Programs\MiKTeX\tex/generic/pgf/frontendlayer/
tikz\tikz.code.tex
Package: tikz 2021/05/15 v3.1.9a (3.1.9a)

(C:\Users\zeekzone\AppData\Local\Programs\MiKTeX\tex/generic/pgf/libraries\pgfl
ibraryplothandlers.code.tex
File: pgflibraryplothandlers.code.tex 2021/05/15 v3.1.9a (3.1.9a)
\pgf@plot@mark@count=\count292
\pgfplotmarksize=\dimen258
)
\tikz@lastx=\dimen259
\tikz@lasty=\dimen260
\tikz@lastxsaved=\dimen261
\tikz@lastysaved=\dimen262
\tikz@lastmovetox=\dimen263
\tikz@lastmovetoy=\dimen264
\tikzleveldistance=\dimen265
\tikzsiblingdistance=\dimen266
\tikz@figbox=\box62
\tikz@figbox@bg=\box63
\tikz@tempbox=\box64
\tikz@tempbox@bg=\box65
\tikztreelevel=\count293
\tikznumberofchildren=\count294
\tikznumberofcurrentchild=\count295
\tikz@fig@count=\count296

(C:\Users\zeekzone\AppData\Local\Programs\MiKTeX\tex/generic/pgf/modules\pgfmod
ulematrix.code.tex
File: pgfmodulematrix.code.tex 2021/05/15 v3.1.9a (3.1.9a)
\pgfmatrixcurrentrow=\count297
\pgfmatrixcurrentcolumn=\count298
\pgf@matrix@numberofcolumns=\count299
)
\tikz@expandcount=\count300

(C:\Users\zeekzone\AppData\Local\Programs\MiKTeX\tex/generic/pgf/frontendlayer/
tikz/libraries\tikzlibrarytopaths.code.tex
File: tikzlibrarytopaths.code.tex 2021/05/15 v3.1.9a (3.1.9a)
)))
(C:\Users\zeekzone\AppData\Local\Programs\MiKTeX\tex/latex/mdframed\md-frame-1.
mdf
File: md-frame-1.mdf 2013/07/01\ 1.9b: md-frame-1
)
\mdf@frametitlebox=\box66
\mdf@footnotebox=\box67
\mdf@splitbox@one=\box68
\mdf@splitbox@two=\box69
\mdf@splitbox@save=\box70
\mdfsplitboxwidth=\skip102
\mdfsplitboxtotalwidth=\skip103
\mdfsplitboxheight=\skip104
\mdfsplitboxdepth=\skip105
\mdfsplitboxtotalheight=\skip106
\mdfframetitleboxwidth=\skip107
\mdfframetitleboxtotalwidth=\skip108
\mdfframetitleboxheight=\skip109
\mdfframetitleboxdepth=\skip110
\mdfframetitleboxtotalheight=\skip111
\mdffootnoteboxwidth=\skip112
\mdffootnoteboxtotalwidth=\skip113
\mdffootnoteboxheight=\skip114
\mdffootnoteboxdepth=\skip115
\mdffootnoteboxtotalheight=\skip116
\mdftotallinewidth=\skip117
\mdfboundingboxwidth=\skip118
\mdfboundingboxtotalwidth=\skip119
\mdfboundingboxheight=\skip120
\mdfboundingboxdepth=\skip121
\mdfboundingboxtotalheight=\skip122
\mdf@freevspace@length=\skip123
\mdf@horizontalwidthofbox@length=\skip124
\mdf@verticalmarginwhole@length=\skip125
\mdf@horizontalspaceofbox=\skip126
\mdfsubtitleheight=\skip127
\mdfsubsubtitleheight=\skip128
\c@mdfcountframes=\count301

****** mdframed patching \endmdf@trivlist

****** -- success******

\mdf@envdepth=\count302
\c@mdf@env@i=\count303
\c@mdf@env@ii=\count304
\c@mdf@zref@counter=\count305
Package zref Info: New property: mdf@pagevalue on input line 895.
)
(C:\Users\zeekzone\AppData\Local\Programs\MiKTeX\tex/generic/pgf/frontendlayer/
tikz/libraries\tikzlibrarycalc.code.tex
File: tikzlibrarycalc.code.tex 2021/05/15 v3.1.9a (3.1.9a)
)
(C:\Users\zeekzone\AppData\Local\Programs\MiKTeX\tex/generic/pgf/frontendlayer/
tikz/libraries\tikzlibrarythrough.code.tex
File: tikzlibrarythrough.code.tex 2021/05/15 v3.1.9a (3.1.9a)
)
(C:\Users\zeekzone\AppData\Local\Programs\MiKTeX\tex/generic/pgf/frontendlayer/
tikz/libraries\tikzlibrarybackgrounds.code.tex
File: tikzlibrarybackgrounds.code.tex 2021/05/15 v3.1.9a (3.1.9a)
\pgf@layerbox@background=\box71
\pgf@layerboxsaved@background=\box72
)
(C:\Users\zeekzone\AppData\Local\Programs\MiKTeX\tex/generic/pgf/frontendlayer/
tikz/libraries\tikzlibrarymatrix.code.tex
File: tikzlibrarymatrix.code.tex 2021/05/15 v3.1.9a (3.1.9a)
)
(C:\Users\zeekzone\AppData\Local\Programs\MiKTeX\tex/generic/pgf/frontendlayer/
tikz/libraries\tikzlibrarypositioning.code.tex
File: tikzlibrarypositioning.code.tex 2021/05/15 v3.1.9a (3.1.9a)
)
(C:\Users\zeekzone\AppData\Local\Programs\MiKTeX\tex/generic/pgf/frontendlayer/
tikz/libraries\tikzlibraryarrows.code.tex
File: tikzlibraryarrows.code.tex 2021/05/15 v3.1.9a (3.1.9a)

(C:\Users\zeekzone\AppData\Local\Programs\MiKTeX\tex/generic/pgf/libraries\pgfl
ibraryarrows.code.tex
File: pgflibraryarrows.code.tex 2021/05/15 v3.1.9a (3.1.9a)
\arrowsize=\dimen267
))
(C:\Users\zeekzone\AppData\Local\Programs\MiKTeX\tex/generic/pgf/frontendlayer/
tikz/libraries\tikzlibraryshapes.geometric.code.tex
File: tikzlibraryshapes.geometric.code.tex 2021/05/15 v3.1.9a (3.1.9a)

(C:\Users\zeekzone\AppData\Local\Programs\MiKTeX\tex/generic/pgf/libraries/shap
es\pgflibraryshapes.geometric.code.tex
File: pgflibraryshapes.geometric.code.tex 2021/05/15 v3.1.9a (3.1.9a)
))
(C:\Users\zeekzone\AppData\Local\Programs\MiKTeX\tex/generic/pgf/frontendlayer/
tikz/libraries/datavisualization\tikzlibrarydatavisualization.code.tex
File: tikzlibrarydatavisualization.code.tex 2021/05/15 v3.1.9a (3.1.9a)

(C:\Users\zeekzone\AppData\Local\Programs\MiKTeX\tex/generic/pgf/modules\pgfmod
uledatavisualization.code.tex
File: pgfmoduledatavisualization.code.tex 2021/05/15 v3.1.9a (3.1.9a)

(C:\Users\zeekzone\AppData\Local\Programs\MiKTeX\tex/generic/pgf/modules\pgfmod
uleoo.code.tex
\pgfoo@objectcount=\count306
\pgfoothis@count=\count307
\pgfoo@toks=\toks37
)
(C:\Users\zeekzone\AppData\Local\Programs\MiKTeX\tex/generic/pgf/libraries\pgfl
ibraryfpu.code.tex)
\pgf@lib@dv@cache@count=\count308
\pgf@lib@dv@cache@count=\count309
)
\tikzdvvisualizercounter=\count310
)
(C:\Users\zeekzone\AppData\Local\Programs\MiKTeX\tex/generic/pgf/frontendlayer/
tikz/libraries\tikzlibraryautomata.code.tex
File: tikzlibraryautomata.code.tex 2021/05/15 v3.1.9a (3.1.9a)

(C:\Users\zeekzone\AppData\Local\Programs\MiKTeX\tex/generic/pgf/frontendlayer/
tikz/libraries\tikzlibraryshapes.multipart.code.tex
File: tikzlibraryshapes.multipart.code.tex 2021/05/15 v3.1.9a (3.1.9a)

(C:\Users\zeekzone\AppData\Local\Programs\MiKTeX\tex/generic/pgf/libraries/shap
es\pgflibraryshapes.multipart.code.tex
File: pgflibraryshapes.multipart.code.tex 2021/05/15 v3.1.9a (3.1.9a)
\pgfnodepartlowerbox=\box73
\pgfnodeparttwobox=\box74
\pgfnodepartthreebox=\box75
\pgfnodepartfourbox=\box76
\pgfnodeparttwentybox=\box77
\pgfnodepartnineteenbox=\box78
\pgfnodeparteighteenbox=\box79
\pgfnodepartseventeenbox=\box80
\pgfnodepartsixteenbox=\box81
\pgfnodepartfifteenbox=\box82
\pgfnodepartfourteenbox=\box83
\pgfnodepartthirteenbox=\box84
\pgfnodeparttwelvebox=\box85
\pgfnodepartelevenbox=\box86
\pgfnodeparttenbox=\box87
\pgfnodepartninebox=\box88
\pgfnodeparteightbox=\box89
\pgfnodepartsevenbox=\box90
\pgfnodepartsixbox=\box91
\pgfnodepartfivebox=\box92
)))
(C:\Users\zeekzone\AppData\Local\Programs\MiKTeX\tex/generic/pgf/frontendlayer/
tikz/libraries\tikzlibrarydecorations.pathmorphing.code.tex
(C:\Users\zeekzone\AppData\Local\Programs\MiKTeX\tex/generic/pgf/frontendlayer/
tikz/libraries\tikzlibrarydecorations.code.tex
(C:\Users\zeekzone\AppData\Local\Programs\MiKTeX\tex/generic/pgf/modules\pgfmod
uledecorations.code.tex
\pgfdecoratedcompleteddistance=\dimen268
\pgfdecoratedremainingdistance=\dimen269
\pgfdecoratedinputsegmentcompleteddistance=\dimen270
\pgfdecoratedinputsegmentremainingdistance=\dimen271
\pgf@decorate@distancetomove=\dimen272
\pgf@decorate@repeatstate=\count311
\pgfdecorationsegmentamplitude=\dimen273
\pgfdecorationsegmentlength=\dimen274
)
\tikz@lib@dec@box=\box93
)
(C:\Users\zeekzone\AppData\Local\Programs\MiKTeX\tex/generic/pgf/libraries/deco
rations\pgflibrarydecorations.pathmorphing.code.tex))
(C:\Users\zeekzone\AppData\Local\Programs\MiKTeX\tex/latex/pgfplots\pgfplots.st
y
(C:\Users\zeekzone\AppData\Local\Programs\MiKTeX\tex/generic/pgfplots\pgfplots.
revision.tex)
Package: pgfplots 2021/05/15 v1.18.1 Data Visualization (1.18.1)

(C:\Users\zeekzone\AppData\Local\Programs\MiKTeX\tex/generic/pgfplots\pgfplots.
code.tex
(C:\Users\zeekzone\AppData\Local\Programs\MiKTeX\tex/generic/pgfplots\pgfplotsc
ore.code.tex
\t@pgfplots@toka=\toks38
\t@pgfplots@tokb=\toks39
\t@pgfplots@tokc=\toks40
\pgfplots@tmpa=\dimen275
\c@pgfplots@coordindex=\count312
\c@pgfplots@scanlineindex=\count313

(C:\Users\zeekzone\AppData\Local\Programs\MiKTeX\tex/generic/pgfplots/sys\pgfpl
otssysgeneric.code.tex))
(C:\Users\zeekzone\AppData\Local\Programs\MiKTeX\tex/generic/pgfplots/libs\pgfp
lotslibrary.code.tex)
(C:\Users\zeekzone\AppData\Local\Programs\MiKTeX\tex/generic/pgfplots/oldpgfcom
patib\pgfplotsoldpgfsupp_loader.code.tex)
(C:\Users\zeekzone\AppData\Local\Programs\MiKTeX\tex/generic/pgfplots/util\pgfp
lotsutil.code.tex
(C:\Users\zeekzone\AppData\Local\Programs\MiKTeX\tex/generic/pgfplots/liststruc
ture\pgfplotsliststructure.code.tex)
(C:\Users\zeekzone\AppData\Local\Programs\MiKTeX\tex/generic/pgfplots/liststruc
ture\pgfplotsliststructureext.code.tex)
(C:\Users\zeekzone\AppData\Local\Programs\MiKTeX\tex/generic/pgfplots/liststruc
ture\pgfplotsarray.code.tex
\c@pgfplotsarray@tmp=\count314
)
(C:\Users\zeekzone\AppData\Local\Programs\MiKTeX\tex/generic/pgfplots/liststruc
ture\pgfplotsmatrix.code.tex)
(C:\Users\zeekzone\AppData\Local\Programs\MiKTeX\tex/generic/pgfplots/numtable\
pgfplotstableshared.code.tex
\c@pgfplotstable@counta=\count315
\t@pgfplotstable@a=\toks41
)
(C:\Users\zeekzone\AppData\Local\Programs\MiKTeX\tex/generic/pgfplots/liststruc
ture\pgfplotsdeque.code.tex)
(C:\Users\zeekzone\AppData\Local\Programs\MiKTeX\tex/generic/pgfplots/util\pgfp
lotsbinary.code.tex
(C:\Users\zeekzone\AppData\Local\Programs\MiKTeX\tex/generic/pgfplots/util\pgfp
lotsbinary.data.code.tex))
(C:\Users\zeekzone\AppData\Local\Programs\MiKTeX\tex/generic/pgfplots/util\pgfp
lotsutil.verb.code.tex)
(C:\Users\zeekzone\AppData\Local\Programs\MiKTeX\tex/generic/pgfplots/libs\pgfl
ibrarypgfplots.surfshading.code.tex
\c@pgfplotslibrarysurf@no=\count316

(C:\Users\zeekzone\AppData\Local\Programs\MiKTeX\tex/generic/pgfplots/sys\pgfli
brarypgfplots.surfshading.pgfsys-pdftex.def)))
(C:\Users\zeekzone\AppData\Local\Programs\MiKTeX\tex/generic/pgfplots/util\pgfp
lotscolormap.code.tex
(C:\Users\zeekzone\AppData\Local\Programs\MiKTeX\tex/generic/pgfplots/util\pgfp
lotscolor.code.tex))
(C:\Users\zeekzone\AppData\Local\Programs\MiKTeX\tex/generic/pgfplots\pgfplotss
tackedplots.code.tex)
(C:\Users\zeekzone\AppData\Local\Programs\MiKTeX\tex/generic/pgfplots\pgfplotsp
lothandlers.code.tex
(C:\Users\zeekzone\AppData\Local\Programs\MiKTeX\tex/generic/pgfplots\pgfplotsm
eshplothandler.code.tex
(C:\Users\zeekzone\AppData\Local\Programs\MiKTeX\tex/generic/pgfplots\pgfplotsm
eshplotimage.code.tex)))
(C:\Users\zeekzone\AppData\Local\Programs\MiKTeX\tex/generic/pgfplots\pgfplots.
scaling.code.tex)
(C:\Users\zeekzone\AppData\Local\Programs\MiKTeX\tex/generic/pgfplots\pgfplotsc
oordprocessing.code.tex)
(C:\Users\zeekzone\AppData\Local\Programs\MiKTeX\tex/generic/pgfplots\pgfplots.
errorbars.code.tex)
(C:\Users\zeekzone\AppData\Local\Programs\MiKTeX\tex/generic/pgfplots\pgfplots.
markers.code.tex)
(C:\Users\zeekzone\AppData\Local\Programs\MiKTeX\tex/generic/pgfplots\pgfplotst
icks.code.tex)
(C:\Users\zeekzone\AppData\Local\Programs\MiKTeX\tex/generic/pgfplots\pgfplots.
paths.code.tex)
(C:\Users\zeekzone\AppData\Local\Programs\MiKTeX\tex/generic/pgf/frontendlayer/
tikz/libraries\tikzlibrarydecorations.pathreplacing.code.tex
(C:\Users\zeekzone\AppData\Local\Programs\MiKTeX\tex/generic/pgf/libraries/deco
rations\pgflibrarydecorations.pathreplacing.code.tex))
(C:\Users\zeekzone\AppData\Local\Programs\MiKTeX\tex/generic/pgfplots/libs\tikz
librarypgfplots.contourlua.code.tex)
\pgfplots@numplots=\count317
\pgfplots@xmin@reg=\dimen276
\pgfplots@xmax@reg=\dimen277
\pgfplots@ymin@reg=\dimen278
\pgfplots@ymax@reg=\dimen279
\pgfplots@zmin@reg=\dimen280
\pgfplots@zmax@reg=\dimen281
)
(C:\Users\zeekzone\AppData\Local\Programs\MiKTeX\tex/generic/pgf/frontendlayer/
tikz/libraries\tikzlibraryplotmarks.code.tex
File: tikzlibraryplotmarks.code.tex 2021/05/15 v3.1.9a (3.1.9a)

(C:\Users\zeekzone\AppData\Local\Programs\MiKTeX\tex/generic/pgf/libraries\pgfl
ibraryplotmarks.code.tex
File: pgflibraryplotmarks.code.tex 2021/05/15 v3.1.9a (3.1.9a)
)))
(C:\Users\zeekzone\AppData\Local\Programs\MiKTeX\tex/latex/physics\physics.sty
Package: physics 

(C:\Users\zeekzone\AppData\Local\Programs\MiKTeX\tex/latex/amsmath\amsmath.sty
Package: amsmath 2021/10/15 v2.17l AMS math features
\@mathmargin=\skip129

For additional information on amsmath, use the `?' option.
(C:\Users\zeekzone\AppData\Local\Programs\MiKTeX\tex/latex/amsmath\amstext.sty
Package: amstext 2021/08/26 v2.01 AMS text

(C:\Users\zeekzone\AppData\Local\Programs\MiKTeX\tex/latex/amsmath\amsgen.sty
File: amsgen.sty 1999/11/30 v2.0 generic functions
\@emptytoks=\toks42
\ex@=\dimen282
)) (C:\Users\zeekzone\AppData\Local\Programs\MiKTeX\tex/latex/amsmath\amsbsy.st
y
Package: amsbsy 1999/11/29 v1.2d Bold Symbols
\pmbraise@=\dimen283
) (C:\Users\zeekzone\AppData\Local\Programs\MiKTeX\tex/latex/amsmath\amsopn.sty
Package: amsopn 2021/08/26 v2.02 operator names
)
\inf@bad=\count318
LaTeX Info: Redefining \frac on input line 234.
\uproot@=\count319
\leftroot@=\count320
LaTeX Info: Redefining \overline on input line 399.
\classnum@=\count321
\DOTSCASE@=\count322
LaTeX Info: Redefining \ldots on input line 496.
LaTeX Info: Redefining \dots on input line 499.
LaTeX Info: Redefining \cdots on input line 620.
\Mathstrutbox@=\box94
\strutbox@=\box95
\big@size=\dimen284
LaTeX Font Info:    Redeclaring font encoding OML on input line 743.
LaTeX Font Info:    Redeclaring font encoding OMS on input line 744.
\macc@depth=\count323
\c@MaxMatrixCols=\count324
\dotsspace@=\muskip17
\c@parentequation=\count325
\dspbrk@lvl=\count326
\tag@help=\toks43
\row@=\count327
\column@=\count328
\maxfields@=\count329
\andhelp@=\toks44
\eqnshift@=\dimen285
\alignsep@=\dimen286
\tagshift@=\dimen287
\tagwidth@=\dimen288
\totwidth@=\dimen289
\lineht@=\dimen290
\@envbody=\toks45
\multlinegap=\skip130
\multlinetaggap=\skip131
\mathdisplay@stack=\toks46
LaTeX Info: Redefining \[ on input line 2938.
LaTeX Info: Redefining \] on input line 2939.
))
(C:\Users\zeekzone\AppData\Local\Programs\MiKTeX\tex/latex/titlesec\titletoc.st
y
Package: titletoc 2021/07/05 v2.14 TOC entries
\ttl@leftsep=\dimen291
)
(C:\Users\zeekzone\AppData\Local\Programs\MiKTeX\tex/latex/psnfss\mathpazo.sty
Package: mathpazo 2020/03/25 PSNFSS-v9.3 Palatino w/ Pazo Math (D.Puga, WaS) 
\symupright=\mathgroup4
)
(C:\Users\zeekzone\AppData\Local\Programs\MiKTeX\tex/latex/algorithmicx\algpseu
docode.sty
Package: algpseudocode 

(C:\Users\zeekzone\AppData\Local\Programs\MiKTeX\tex/latex/algorithmicx\algorit
hmicx.sty
Package: algorithmicx 2005/04/27 v1.2 Algorithmicx

Document Style algorithmicx 1.2 - a greatly improved `algorithmic' style
\c@ALG@line=\count330
\c@ALG@rem=\count331
\c@ALG@nested=\count332
\ALG@tlm=\skip132
\ALG@thistlm=\skip133
\c@ALG@Lnr=\count333
\c@ALG@blocknr=\count334
\c@ALG@storecount=\count335
\c@ALG@tmpcounter=\count336
\ALG@tmplength=\skip134
)
Document Style - pseudocode environments for use with the `algorithmicx' style
) (C:\Users\zeekzone\AppData\Local\Programs\MiKTeX\tex/latex/bohr\bohr.sty
Package: bohr 2015/06/24 v1.0 simple atom representation according to the Bohr 
model

(C:\Users\zeekzone\AppData\Local\Programs\MiKTeX\tex/latex/pgfopts\pgfopts.sty
Package: pgfopts 2014/07/10 v2.1a LaTeX package options with pgfkeys
\pgfopts@list@add@a@toks=\toks47
\pgfopts@list@add@b@toks=\toks48
)
(C:\Users\zeekzone\AppData\Local\Programs\MiKTeX\tex/latex/elements\elements.st
y
Package: elements 2022/01/29 v0.4 properties of chemical elements
\c@@elements@orbital@type=\count337
\c@@elements@shell@number=\count338

(C:\Users\zeekzone\AppData\Local\Programs\MiKTeX\tex/latex/translations\transla
tions.sty
Package: translations 2021/01/17 v1.10a internationalization of LaTeX2e package
s (CN)
))
\c@@bohr@shell@number=\count339
)
(C:\Users\zeekzone\AppData\Local\Programs\MiKTeX\tex/latex/xlop\xlop.sty
Package: xlop 2020/04/26 package wrapper for xlop.tex

(C:\Users\zeekzone\AppData\Local\Programs\MiKTeX\tex/generic/xlop\xlop.tex
\op@count@z=\count340
\op@count@i=\count341
\op@count@ii=\count342
\op@count@iii=\count343
\op@count@iv=\count344
\op@count@v=\count345
\op@count@vi=\count346
\op@nbop=\count347
\op@currentstyle=\toks49

`xlop' v0.28  <2020/11/11> (jcc)
\opcolumnwidth=\dimen292
\oplineheight=\dimen293
\op@strutbox=\box96
\op@decimalsepwidth=\dimen294
\op@decimalsepoffset=\dimen295
\op@hrulewidth=\dimen296
\op@vrulewidth=\dimen297
\op@parenthesis=\count348
\op@token=\count349
\op@stack=\count350
\op@stackb=\count351
)) (C:\Users\zeekzone\AppData\Local\Programs\MiKTeX\tex/latex/bbding\bbding.sty
Package: bbding 1999/04/15 v1.01 Dingbats symbols
)
(C:\Users\zeekzone\AppData\Local\Programs\MiKTeX\tex/latex/mathdesign\mathdesig
n.sty
Package: mathdesign 2013/08/29 v2.31 Math Design Project


Package mathdesign Warning: No font specified on input line 175.

(C:\Users\zeekzone\AppData\Local\Programs\MiKTeX\tex/latex/base\fontenc.sty
Package: fontenc 2021/04/29 v2.0v Standard LaTeX package
LaTeX Font Info:    Trying to load font information for T1+ppl on input line 11
2.

(C:\Users\zeekzone\AppData\Local\Programs\MiKTeX\tex/latex/psnfss\t1ppl.fd
File: t1ppl.fd 2001/06/04 font definitions for T1/ppl.
)))
(C:\Users\zeekzone\AppData\Local\Programs\MiKTeX\tex/latex/romande\romande.sty
Package: romande 2010/06/27 v2.1 romande

(C:\Users\zeekzone\AppData\Local\Programs\MiKTeX\tex/latex/xkeyval\xkeyval.sty
Package: xkeyval 2020/11/20 v2.8 package option processing (HA)

(C:\Users\zeekzone\AppData\Local\Programs\MiKTeX\tex/generic/xkeyval\xkeyval.te
x
(C:\Users\zeekzone\AppData\Local\Programs\MiKTeX\tex/generic/xkeyval\xkvutils.t
ex
\XKV@toks=\toks50
\XKV@tempa@toks=\toks51
)
\XKV@depth=\count352
File: xkeyval.tex 2014/12/03 v2.7a key=value parser (HA)
))
(C:\Users\zeekzone\AppData\Local\Programs\MiKTeX\tex/latex/base\fontenc.sty
Package: fontenc 2021/04/29 v2.0v Standard LaTeX package
)
(C:\Users\zeekzone\AppData\Local\Programs\MiKTeX\tex/latex/base\textcomp.sty
Package: textcomp 2020/02/02 v2.0n Standard LaTeX package
)
(C:\Users\zeekzone\AppData\Local\Programs\MiKTeX\tex/latex/nfssext-cfr\nfssext-
cfr.sty
(C:\Users\zeekzone\AppData\Local\Programs\MiKTeX\tex/latex/svn-prov\svn-prov.st
y
Package: svn-prov 2010/04/24 v3.1862 Package Date/Version from SVN Keywords
)
Package: nfssext-cfr 2017/03/28 (SVN Rev: 6140){} specially mangled by cfr; bas
ed on 2003/03/14 v1.2 Experimental NFSS Extensions
\c@taken=\count353
LaTeX Info: Redefining \itshape on input line 515.
LaTeX Info: Redefining \scshape on input line 523.
LaTeX Info: Redefining \upshape on input line 537.
LaTeX Info: Redefining \swshape on input line 544.
LaTeX Info: Redefining \textin on input line 549.
LaTeX Info: Redefining \textsw on input line 553.
LaTeX Info: Redefining \textscu on input line 580.
))
\c@exercise=\count354
\c@definition=\count355
\c@alphListCounter=\count356
\c@numListCounter=\count357

(C:\Users\zeekzone\AppData\Local\Programs\MiKTeX\tex/latex/listings\listings.st
y
\lst@mode=\count358
\lst@gtempboxa=\box97
\lst@token=\toks52
\lst@length=\count359
\lst@currlwidth=\dimen298
\lst@column=\count360
\lst@pos=\count361
\lst@lostspace=\dimen299
\lst@width=\dimen300
\lst@newlines=\count362
\lst@lineno=\count363
\lst@maxwidth=\dimen301

(C:\Users\zeekzone\AppData\Local\Programs\MiKTeX\tex/latex/listings\lstmisc.sty
File: lstmisc.sty 2020/03/24 1.8d (Carsten Heinz)
\c@lstnumber=\count364
\lst@skipnumbers=\count365
\lst@framebox=\box98
)
(C:\Users\zeekzone\AppData\Local\Programs\MiKTeX\tex/latex/listings\listings.cf
g
File: listings.cfg 2020/03/24 1.8d listings configuration
))
Package: listings 2020/03/24 1.8d (Carsten Heinz)

(C:\Users\zeekzone\AppData\Local\Programs\MiKTeX\tex/latex/inconsolata\inconsol
ata.sty
Package: inconsolata 2019/05/17 v1.12

`inconsolata-zi4' v1.12, 2019/05/17 Text macros for Inconsolata (msharpe)
\zifour@ocount=\count366
)
(C:\Users\zeekzone\AppData\Local\Programs\MiKTeX\tex/latex/listings\lstlang1.st
y
File: lstlang1.sty 2020/03/24 1.8d listings language file
)
(C:\Users\zeekzone\AppData\Local\Programs\MiKTeX\tex/latex/listings\lstlang2.st
y
File: lstlang2.sty 2020/03/24 1.8d listings language file
)
Package translations Info: No language package found. I am going to use `englis
h' as default language. on input line 203.
LaTeX Font Info:    Trying to load font information for T1+yrd on input line 20
3.
 (C:\Users\zeekzone\AppData\Local\Programs\MiKTeX\tex/latex/romande\t1yrd.fd
File: t1yrd.fd 2010/07/10 Fontinst v1.933 font definitions for T1/yrd.
) (td2.aux)
\openout1 = `td2.aux'.

LaTeX Font Info:    Checking defaults for OML/cmm/m/it on input line 203.
LaTeX Font Info:    ... okay on input line 203.
LaTeX Font Info:    Checking defaults for OMS/cmsy/m/n on input line 203.
LaTeX Font Info:    ... okay on input line 203.
LaTeX Font Info:    Checking defaults for OT1/cmr/m/n on input line 203.
LaTeX Font Info:    ... okay on input line 203.
LaTeX Font Info:    Checking defaults for T1/cmr/m/n on input line 203.
LaTeX Font Info:    ... okay on input line 203.
LaTeX Font Info:    Checking defaults for TS1/cmr/m/n on input line 203.
LaTeX Font Info:    ... okay on input line 203.
LaTeX Font Info:    Checking defaults for OMX/cmex/m/n on input line 203.
LaTeX Font Info:    ... okay on input line 203.
LaTeX Font Info:    Checking defaults for U/cmr/m/n on input line 203.
LaTeX Font Info:    ... okay on input line 203.
LaTeX Font Info:    Checking defaults for PD1/pdf/m/n on input line 203.
LaTeX Font Info:    ... okay on input line 203.
LaTeX Font Info:    Checking defaults for PU/pdf/m/n on input line 203.
LaTeX Font Info:    ... okay on input line 203.

*geometry* driver: auto-detecting
*geometry* detected driver: pdftex
*geometry* verbose mode - [ preamble ] result:
* driver: pdftex
* paper: a4paper
* layout: <same size as paper>
* layoutoffset:(h,v)=(0.0pt,0.0pt)
* lines: 45
* modes: 
* h-part:(L,W,R)=(56.9055pt, 483.69687pt, 56.9055pt)
* v-part:(T,H,B)=(57.81621pt, 736.64186pt, 50.58878pt)
* \paperwidth=597.50787pt
* \paperheight=845.04684pt
* \textwidth=483.69687pt
* \textheight=736.64186pt
* \oddsidemargin=-15.36449pt
* \evensidemargin=-15.36449pt
* \topmargin=-51.45378pt
* \headheight=12.0pt
* \headsep=25.0pt
* \topskip=10.0pt
* \footskip=30.0pt
* \marginparwidth=57.0pt
* \marginparsep=11.0pt
* \columnsep=10.0pt
* \skip\footins=9.0pt plus 4.0pt minus 2.0pt
* \hoffset=0.0pt
* \voffset=0.0pt
* \mag=1000
* \@twocolumnfalse
* \@twosidefalse
* \@mparswitchfalse
* \@reversemarginfalse
* (1in=72.27pt=25.4mm, 1cm=28.453pt)


(C:\Users\zeekzone\AppData\Local\Programs\MiKTeX\tex/context/base/mkii\supp-pdf
.mkii
[Loading MPS to PDF converter (version 2006.09.02).]
\scratchcounter=\count367
\scratchdimen=\dimen302
\scratchbox=\box99
\nofMPsegments=\count368
\nofMParguments=\count369
\everyMPshowfont=\toks53
\MPscratchCnt=\count370
\MPscratchDim=\dimen303
\MPnumerator=\count371
\makeMPintoPDFobject=\count372
\everyMPtoPDFconversion=\toks54
)
(C:\Users\zeekzone\AppData\Local\Programs\MiKTeX\tex/latex/epstopdf-pkg\epstopd
f-base.sty
Package: epstopdf-base 2020-01-24 v2.11 Base part for package epstopdf
Package epstopdf-base Info: Redefining graphics rule for `.eps' on input line 4
85.

(C:\Users\zeekzone\AppData\Local\Programs\MiKTeX\tex/latex/00miktex\epstopdf-sy
s.cfg
File: epstopdf-sys.cfg 2021/03/18 v2.0 Configuration of epstopdf for MiKTeX
))
(C:\Users\zeekzone\AppData\Local\Programs\MiKTeX\tex/latex/pdflscape\pdflscape.
sty
Package: pdflscape 2022-10-27 v0.13 Display of landscape pages in PDF

(C:\Users\zeekzone\AppData\Local\Programs\MiKTeX\tex/latex/pdflscape\pdflscape-
nometadata.sty
Package: pdflscape-nometadata 2022-10-28 v0.13 Display of landscape pages in PD
F (HO)

(C:\Users\zeekzone\AppData\Local\Programs\MiKTeX\tex/latex/graphics\lscape.sty
Package: lscape 2020/05/28 v3.02 Landscape Pages (DPC)
)
Package pdflscape Info: Auto-detected driver: pdftex on input line 81.
))
Package hyperref Info: Link coloring OFF on input line 203.

(C:\Users\zeekzone\AppData\Local\Programs\MiKTeX\tex/latex/hyperref\nameref.sty
Package: nameref 2021-04-02 v2.47 Cross-referencing by name of section

(C:\Users\zeekzone\AppData\Local\Programs\MiKTeX\tex/latex/refcount\refcount.st
y
Package: refcount 2019/12/15 v3.6 Data extraction from label references (HO)
)
(C:\Users\zeekzone\AppData\Local\Programs\MiKTeX\tex/generic/gettitlestring\get
titlestring.sty
Package: gettitlestring 2019/12/15 v1.6 Cleanup title references (HO)
)
\c@section@level=\count373
)
LaTeX Info: Redefining \ref on input line 203.
LaTeX Info: Redefining \pageref on input line 203.
LaTeX Info: Redefining \nameref on input line 203.
 (td2.out) (td2.out)
\@outlinefile=\write5
\openout5 = `td2.out'.



Package pgfplots Warning: running in backwards compatibility mode (unsuitable t
ick labels; missing features). Consider writing \pgfplotsset{compat=1.18} into 
your preamble.
 on input line 203.


LaTeX hooks Warning: Generic hook
(hooks)              'file/after/translations-basic-dictionary-english.trsl'
(hooks)              is deprecated.
(hooks)              Use hook
(hooks)              'file/translations-basic-dictionary-english.trsl/after'
(hooks)              instead.


(C:\Users\zeekzone\AppData\Local\Programs\MiKTeX\tex/latex/translations/dicts\t
ranslations-basic-dictionary-english.trsl
File: translations-basic-dictionary-english.trsl (english translation file `tra
nslations-basic-dictionary')
)
Package translations Info: loading dictionary `translations-basic-dictionary' f
or `english'. on input line 203.
\c@lstlisting=\count374

(C:\Users\zeekzone\AppData\Local\Programs\MiKTeX\tex/latex/upquote\upquote.sty
Package: upquote 2012/04/19 v1.3 upright-quote and grave-accent glyphs in verba
tim
)
(C:\Users\zeekzone\AppData\Local\Programs\MiKTeX\tex/latex/elements\elements_na
mes_english.def)
LaTeX Font Info:    Font shape `T1/yrd/b/n' in size <12> not available
(Font)              Font shape `T1/yrd/db/n' tried instead on input line 206.
LaTeX Font Info:    Trying to load font information for TS1+yrd on input line 2
06.

(C:\Users\zeekzone\AppData\Local\Programs\MiKTeX\tex/latex/romande\ts1yrd.fd
File: ts1yrd.fd 2010/07/10 Fontinst v1.933 font definitions for TS1/yrd.
)
LaTeX Font Info:    Font shape `TS1/yrd/b/n' in size <12> not available
(Font)              Font shape `TS1/yrd/db/n' tried instead on input line 206.


LaTeX Font Warning: Font shape `T1/yrd/b/fsc' undefined
(Font)              using `T1/yrd/b/n' instead on input line 206.

LaTeX Font Info:    Font shape `T1/yrd/b/n' in size <10> not available
(Font)              Font shape `T1/yrd/db/n' tried instead on input line 226.
LaTeX Font Info:    Trying to load font information for OT1+ppl on input line 2
45.
(C:\Users\zeekzone\AppData\Local\Programs\MiKTeX\tex/latex/psnfss\ot1ppl.fd
File: ot1ppl.fd 2001/06/04 font definitions for OT1/ppl.
)
LaTeX Font Info:    Trying to load font information for OML+zplm on input line 
245.

(C:\Users\zeekzone\AppData\Local\Programs\MiKTeX\tex/latex/psnfss\omlzplm.fd
File: omlzplm.fd 2002/09/08 Fontinst v1.914 font definitions for OML/zplm.
)
LaTeX Font Info:    Trying to load font information for OMS+zplm on input line 
245.

(C:\Users\zeekzone\AppData\Local\Programs\MiKTeX\tex/latex/psnfss\omszplm.fd
File: omszplm.fd 2002/09/08 Fontinst v1.914 font definitions for OMS/zplm.
)
LaTeX Font Info:    Trying to load font information for OMX+zplm on input line 
245.

(C:\Users\zeekzone\AppData\Local\Programs\MiKTeX\tex/latex/psnfss\omxzplm.fd
File: omxzplm.fd 2002/09/08 Fontinst v1.914 font definitions for OMX/zplm.
)
LaTeX Font Info:    Trying to load font information for OT1+zplm on input line 
245.

(C:\Users\zeekzone\AppData\Local\Programs\MiKTeX\tex/latex/psnfss\ot1zplm.fd
File: ot1zplm.fd 2002/09/08 Fontinst v1.914 font definitions for OT1/zplm.
)
! Missing delimiter (. inserted).
<to be read again> 
                   \ 
l.261 ...\ F_{0} = 0\\ F_{1} = 1\end{array}\right\
                                                  
I was expecting to see something like `(' or `\{' or
`\}' here. If you typed, e.g., `{' instead of `\{', you
should probably delete the `{' by typing `1' now, so that
braces don't get unbalanced. Otherwise just proceed.
Acceptable delimiters are characters whose \delcode is
nonnegative, or you can use `\delimiter <delimiter code>'.

LaTeX Font Info:    Trying to load font information for T1+zi4 on input line 27
1.

(C:\Users\zeekzone\AppData\Local\Programs\MiKTeX\tex/latex/inconsolata\t1zi4.fd
File: t1zi4.fd 2018/01/14 T1/zi4 (Inconsolata)
)
LaTeX Font Info:    Font shape `T1/zi4/m/n' will be
(Font)              scaled to size 9.0pt on input line 271.
Package mdframed Info: Not enough space on this page on input line 278.
LaTeX Font Info:    Font shape `T1/yrd/b/n' in size <7.6> not available
(Font)              Font shape `T1/yrd/db/n' tried instead on input line 278.
LaTeX Font Info:    Font shape `T1/yrd/b/n' in size <6> not available
(Font)              Font shape `T1/yrd/db/n' tried instead on input line 278.
 [1{C:/Users/zeekzone/AppData/Local/MiKTeX/fonts/map/pdftex/pdftex.map}

]
Package mdframed Info: Not enough space on this page on input line 278.

[2] (td2.aux)

LaTeX Font Warning: Some font shapes were not available, defaults substituted.

Package rerunfilecheck Info: File `td2.out' has not changed.
(rerunfilecheck)             Checksum: D41D8CD98F00B204E9800998ECF8427E;0.
 ) 
Here is how much of TeX's memory you used:
 44829 strings out of 478659
 1049283 string characters out of 2844499
 1730572 words of memory out of 3000000
 62180 multiletter control sequences out of 15000+600000
 463234 words of font info for 82 fonts, out of 8000000 for 9000
 1141 hyphenation exceptions out of 8191
 104i,15n,102p,721b,3159s stack positions out of 5000i,500n,10000p,200000b,80000s
{C:/Users/zeekzone/AppData/Local/Programs/MiKTeX/fonts/enc/dvips/inconsolata/
i4-t1-0.enc}{C:/Users/zeekzone/AppData/Local/Programs/MiKTeX/fonts/enc/dvips/ba
se/8r.enc}{C:/Users/zeekzone/AppData/Local/Programs/MiKTeX/fonts/enc/dvips/roma
nde/ts1-euro-yrd.enc}{C:/Users/zeekzone/AppData/Local/Programs/MiKTeX/fonts/enc
/dvips/romande/t1-romandeadf.enc}<C:/Users/zeekzone/AppData/Local/Programs/MiKT
eX/fonts/type1/public/inconsolata/Inconsolata-zi4r.pfb><C:/Users/zeekzone/AppDa
ta/Local/Programs/MiKTeX/fonts/type1/public/amsfonts/cm/cmex10.pfb><C:/Users/ze
ekzone/AppData/Local/Programs/MiKTeX/fonts/type1/public/amsfonts/cm/cmr10.pfb><
C:/Users/zeekzone/AppData/Local/Programs/MiKTeX/fonts/type1/public/amsfonts/cm/
cmss10.pfb><C:/Users/zeekzone/AppData/Local/Programs/MiKTeX/fonts/type1/public/
amsfonts/cm/cmsy10.pfb><C:/Users/zeekzone/AppData/Local/Programs/MiKTeX/fonts/t
ype1/public/mathpazo/fplmr.pfb><C:/Users/zeekzone/AppData/Local/Programs/MiKTeX
/fonts/type1/urw/palatino/uplr8a.pfb><C:/Users/zeekzone/AppData/Local/Programs/
MiKTeX/fonts/type1/urw/palatino/uplri8a.pfb><C:/Users/zeekzone/AppData/Local/Pr
ograms/MiKTeX/fonts/type1/arkandis/romande/yrdd8a.pfb><C:/Users/zeekzone/AppDat
a/Local/Programs/MiKTeX/fonts/type1/arkandis/romande/yrdr8a.pfb>
Output written on td2.pdf (2 pages, 127251 bytes).
PDF statistics:
 114 PDF objects out of 1000 (max. 8388607)
 27 named destinations out of 1000 (max. 500000)
 25 words of extra memory for PDF output out of 10000 (max. 10000000)

